0 info it worked if it ends with ok
1 verbose cli [ 'node', '/usr/local/bin/npm', 'install', '-g', 'github-todos' ]
2 info using npm@1.4.28
3 info using node@v0.10.32
4 verbose cache add [ 'github-todos', null ]
5 verbose cache add name=undefined spec="github-todos" args=["github-todos",null]
6 verbose parsed url { protocol: null,
6 verbose parsed url   slashes: null,
6 verbose parsed url   auth: null,
6 verbose parsed url   host: null,
6 verbose parsed url   port: null,
6 verbose parsed url   hostname: null,
6 verbose parsed url   hash: null,
6 verbose parsed url   search: null,
6 verbose parsed url   query: null,
6 verbose parsed url   pathname: 'github-todos',
6 verbose parsed url   path: 'github-todos',
6 verbose parsed url   href: 'github-todos' }
7 silly lockFile a2e9b57e-github-todos github-todos
8 verbose lock github-todos /Users/richardyang/.npm/a2e9b57e-github-todos.lock
9 silly lockFile a2e9b57e-github-todos github-todos
10 silly lockFile a2e9b57e-github-todos github-todos
11 verbose addNamed [ 'github-todos', '' ]
12 verbose addNamed [ null, '*' ]
13 silly lockFile 9bc7bfd2-github-todos github-todos@
14 verbose lock github-todos@ /Users/richardyang/.npm/9bc7bfd2-github-todos.lock
15 silly addNameRange { name: 'github-todos', range: '*', hasData: false }
16 verbose request where is /github-todos
17 verbose request registry https://registry.npmjs.org/
18 verbose request id a0ab3d332386e3b9
19 verbose url raw /github-todos
20 verbose url resolving [ 'https://registry.npmjs.org/', './github-todos' ]
21 verbose url resolved https://registry.npmjs.org/github-todos
22 verbose request where is https://registry.npmjs.org/github-todos
23 info trying registry request attempt 1 at 13:00:53
24 http GET https://registry.npmjs.org/github-todos
25 http 200 https://registry.npmjs.org/github-todos
26 silly registry.get cb [ 200,
26 silly registry.get   { date: 'Wed, 12 Nov 2014 21:00:55 GMT',
26 silly registry.get     server: 'CouchDB/1.5.0 (Erlang OTP/R16B03)',
26 silly registry.get     etag: '"BDV43W3MYJP9PL3IK78DADV6E"',
26 silly registry.get     'content-type': 'application/json',
26 silly registry.get     'cache-control': 'max-age=60',
26 silly registry.get     'content-length': '14486',
26 silly registry.get     'accept-ranges': 'bytes',
26 silly registry.get     via: '1.1 varnish',
26 silly registry.get     age: '0',
26 silly registry.get     'x-served-by': 'cache-sjc3127-SJC',
26 silly registry.get     'x-cache': 'MISS',
26 silly registry.get     'x-cache-hits': '0',
26 silly registry.get     'x-timer': 'S1415826055.545753,VS0,VE164',
26 silly registry.get     vary: 'Accept',
26 silly registry.get     'keep-alive': 'timeout=10, max=50',
26 silly registry.get     connection: 'Keep-Alive' } ]
27 silly addNameRange number 2 { name: 'github-todos', range: '*', hasData: true }
28 silly addNameRange versions [ 'github-todos', [ '1.0.0', '1.0.1', '1.0.2', '1.0.3' ] ]
29 verbose addNamed [ 'github-todos', '1.0.3' ]
30 verbose addNamed [ '1.0.3', '1.0.3' ]
31 silly lockFile c628e00f-github-todos-1-0-3 github-todos@1.0.3
32 verbose lock github-todos@1.0.3 /Users/richardyang/.npm/c628e00f-github-todos-1-0-3.lock
33 silly lockFile 9afb6a84-hub-todos-github-todos-1-0-3-tgz https://registry.npmjs.org/github-todos/-/github-todos-1.0.3.tgz
34 verbose lock https://registry.npmjs.org/github-todos/-/github-todos-1.0.3.tgz /Users/richardyang/.npm/9afb6a84-hub-todos-github-todos-1-0-3-tgz.lock
35 verbose addRemoteTarball [ 'https://registry.npmjs.org/github-todos/-/github-todos-1.0.3.tgz',
35 verbose addRemoteTarball   '534c4cd36f5e24613f8c80adbcc504c7412e9f9c' ]
36 info retry fetch attempt 1 at 13:00:55
37 verbose fetch to= /var/folders/f0/1569pxzj0cz31638mvjs9kvr0000gn/T/npm-71360-I4knYB4J/registry.npmjs.org/github-todos/-/github-todos-1.0.3.tgz
38 http GET https://registry.npmjs.org/github-todos/-/github-todos-1.0.3.tgz
39 http 200 https://registry.npmjs.org/github-todos/-/github-todos-1.0.3.tgz
40 silly lockFile 9afb6a84-hub-todos-github-todos-1-0-3-tgz https://registry.npmjs.org/github-todos/-/github-todos-1.0.3.tgz
41 silly lockFile 9afb6a84-hub-todos-github-todos-1-0-3-tgz https://registry.npmjs.org/github-todos/-/github-todos-1.0.3.tgz
42 silly lockFile c628e00f-github-todos-1-0-3 github-todos@1.0.3
43 silly lockFile c628e00f-github-todos-1-0-3 github-todos@1.0.3
44 silly lockFile 9bc7bfd2-github-todos github-todos@
45 silly lockFile 9bc7bfd2-github-todos github-todos@
46 silly resolved [ { name: 'github-todos',
46 silly resolved     version: '1.0.3',
46 silly resolved     description: 'Git hook to convert your TODOs into Github issues',
46 silly resolved     main: 'index.js',
46 silly resolved     scripts: { test: 'echo "Error: no test specified" && exit 1' },
46 silly resolved     repository:
46 silly resolved      { type: 'git',
46 silly resolved        url: 'https://github.com/naholyr/github-todos.git' },
46 silly resolved     bin: { 'github-todos': 'bin/github-todos', ght: 'bin/github-todos' },
46 silly resolved     preferGlobal: true,
46 silly resolved     author: { name: 'Nicolas Chambrier', email: 'naholyr@gmail.com' },
46 silly resolved     license: 'MIT',
46 silly resolved     bugs: { url: 'https://github.com/naholyr/github-todos/issues' },
46 silly resolved     homepage: 'https://github.com/naholyr/github-todos',
46 silly resolved     keywords: [ 'git', 'github', 'issues', 'todo', 'hook' ],
46 silly resolved     dependencies:
46 silly resolved      { async: '^0.9.0',
46 silly resolved        debug: '^2.1.0',
46 silly resolved        'diff-parse': '0.0.13',
46 silly resolved        github: '^0.2.2',
46 silly resolved        ini: '^1.3.0',
46 silly resolved        inquirer: 'git://github.com/naholyr/Inquirer.js',
46 silly resolved        lodash: '^2.4.1',
46 silly resolved        minimatch: '^1.0.0',
46 silly resolved        mustache: '^0.8.2',
46 silly resolved        open: '0.0.5',
46 silly resolved        optimist: '^0.6.1',
46 silly resolved        ttys: '0.0.3',
46 silly resolved        'update-notifier': '^0.2.2',
46 silly resolved        which: '^1.0.5' },
46 silly resolved     gitHead: 'ad017f142dd6c96c2e5928fd6c75cc04469da9b5',
46 silly resolved     _id: 'github-todos@1.0.3',
46 silly resolved     _shasum: '534c4cd36f5e24613f8c80adbcc504c7412e9f9c',
46 silly resolved     _from: 'github-todos@',
46 silly resolved     _npmVersion: '2.1.7',
46 silly resolved     _nodeVersion: '0.10.32',
46 silly resolved     _npmUser: { name: 'naholyr', email: 'naholyr@gmail.com' },
46 silly resolved     maintainers: [ [Object] ],
46 silly resolved     dist:
46 silly resolved      { shasum: '534c4cd36f5e24613f8c80adbcc504c7412e9f9c',
46 silly resolved        tarball: 'http://registry.npmjs.org/github-todos/-/github-todos-1.0.3.tgz' },
46 silly resolved     directories: {},
46 silly resolved     _resolved: 'https://registry.npmjs.org/github-todos/-/github-todos-1.0.3.tgz' } ]
47 info install github-todos@1.0.3 into /usr/local/lib
48 info installOne github-todos@1.0.3
49 verbose lib/node_modules/github-todos unbuild
50 verbose tar unpack /Users/richardyang/.npm/github-todos/1.0.3/package.tgz
51 silly lockFile 8630318e-al-lib-node-modules-github-todos tar:///usr/local/lib/node_modules/github-todos
52 verbose lock tar:///usr/local/lib/node_modules/github-todos /Users/richardyang/.npm/8630318e-al-lib-node-modules-github-todos.lock
53 silly lockFile 9b22439e-m-github-todos-1-0-3-package-tgz tar:///Users/richardyang/.npm/github-todos/1.0.3/package.tgz
54 verbose lock tar:///Users/richardyang/.npm/github-todos/1.0.3/package.tgz /Users/richardyang/.npm/9b22439e-m-github-todos-1-0-3-package-tgz.lock
55 silly gunzTarPerm modes [ '755', '644' ]
56 error Error: EACCES, mkdir '/usr/local/lib/node_modules/github-todos'
56 error  { [Error: EACCES, mkdir '/usr/local/lib/node_modules/github-todos']
56 error   errno: 3,
56 error   code: 'EACCES',
56 error   path: '/usr/local/lib/node_modules/github-todos',
56 error   fstream_type: 'Directory',
56 error   fstream_path: '/usr/local/lib/node_modules/github-todos',
56 error   fstream_class: 'DirWriter',
56 error   fstream_stack:
56 error    [ '/usr/local/lib/node_modules/npm/node_modules/fstream/lib/dir-writer.js:36:23',
56 error      '/usr/local/lib/node_modules/npm/node_modules/mkdirp/index.js:46:53',
56 error      'Object.oncomplete (fs.js:107:15)' ] }
57 error Please try running this command again as root/Administrator.
58 error System Darwin 14.0.0
59 error command "node" "/usr/local/bin/npm" "install" "-g" "github-todos"
60 error cwd /Users/richardyang/Desktop/todo
61 error node -v v0.10.32
62 error npm -v 1.4.28
63 error path /usr/local/lib/node_modules/github-todos
64 error fstream_path /usr/local/lib/node_modules/github-todos
65 error fstream_type Directory
66 error fstream_class DirWriter
67 error code EACCES
68 error errno 3
69 error stack Error: EACCES, mkdir '/usr/local/lib/node_modules/github-todos'
70 error fstream_stack /usr/local/lib/node_modules/npm/node_modules/fstream/lib/dir-writer.js:36:23
70 error fstream_stack /usr/local/lib/node_modules/npm/node_modules/mkdirp/index.js:46:53
70 error fstream_stack Object.oncomplete (fs.js:107:15)
71 verbose exit [ 3, true ]
